0 info it worked if it ends with ok
1 verbose cli [ 'D:\\nodejs\\node.exe',
1 verbose cli   'D:\\nodejs\\node_modules\\npm\\bin\\npm-cli.js',
1 verbose cli   'start' ]
2 info using npm@3.10.10
3 info using node@v6.11.3
4 verbose run-script [ 'prestart', 'start', 'poststart' ]
5 info lifecycle ag-cerise@0.2.6~prestart: ag-cerise@0.2.6
6 silly lifecycle ag-cerise@0.2.6~prestart: no script for prestart, continuing
7 info lifecycle ag-cerise@0.2.6~start: ag-cerise@0.2.6
8 verbose lifecycle ag-cerise@0.2.6~start: unsafe-perm in lifecycle true
9 verbose lifecycle ag-cerise@0.2.6~start: PATH: D:\nodejs\node_modules\npm\bin\node-gyp-bin;d:\nodejs\ag-cerise\node_modules\.bin;C:\ProgramData\Oracle\Java\javapath;C:\WINDOWS\system32;C:\WINDOWS;C:\WINDOWS\System32\Wbem;C:\WINDOWS\System32\WindowsPowerShell\v1.0\;D:\xampp\php;C:\Program Files (x86)\eclipse;C:\Program Files (x86)\eclipse\jre\bin\;C:\Program Files (x86)\Java\jre1.8.0_25\bin;C:\Program Files (x86)\Sybase\Shared\PowerBuilder;C:\Anaconda3;C:\Anaconda3\Scripts;C:\Program Files\eclipse;C:\MinGW\bin;C:\MinGW\msys\1.0\bin;C:\Program Files (x86)\QuickTime\QTSystem\;C:\Program Files (x86)\Skype\Phone\;C:\Program Files (x86)\Windows Kits\10\Windows Performance Toolkit\;C:\Program Files\Microsoft SQL Server\120\Tools\Binn\;C:\Users\André\.dnx\bin;C:\Program Files\Microsoft DNX\Dnvm\;C:\Program Files\Microsoft SQL Server\130\Tools\Binn\;C:\Program Files (x86)\MySQL\MySQL Utilities 1.6\;D:\nodejs\;C:\Program Files (x86)\WinSCP\;C:\Program Files\Git\cmd;"C:\Users\André\AppData\Local\Microsoft\WindowsApps;D:\xampp\php";C:\Users\André\AppData\Roaming\npm;C:\Program Files\Heroku\bin;C:\Users\André\AppData\Local\GitHubDesktop\bin
10 verbose lifecycle ag-cerise@0.2.6~start: CWD: d:\nodejs\ag-cerise
11 silly lifecycle ag-cerise@0.2.6~start: Args: [ '/d /s /c', 'node index.js' ]
12 verbose stack Error: kill ENOSYS
12 verbose stack     at exports._errnoException (util.js:1020:11)
12 verbose stack     at process.kill (internal/process.js:190:13)
12 verbose stack     at process.listener (D:\nodejs\node_modules\npm\node_modules\npmlog\node_modules\gauge\node_modules\signal-exit\index.js:86:15)
12 verbose stack     at emitNone (events.js:91:20)
12 verbose stack     at process.emit (events.js:185:7)
12 verbose stack     at processEmit (D:\nodejs\node_modules\npm\node_modules\npmlog\node_modules\gauge\node_modules\signal-exit\index.js:146:32)
12 verbose stack     at processEmit (D:\nodejs\node_modules\npm\node_modules\npm-registry-client\node_modules\npmlog\node_modules\gauge\node_modules\signal-exit\index.js:146:32)
12 verbose stack     at Signal.wrap.onsignal (internal/process.js:217:44)
13 verbose cwd d:\nodejs\ag-cerise
14 error Windows_NT 10.0.15063
15 error argv "D:\\nodejs\\node.exe" "D:\\nodejs\\node_modules\\npm\\bin\\npm-cli.js" "start"
16 error node v6.11.3
17 error npm  v3.10.10
18 error code ENOSYS
19 error errno ENOSYS
20 error syscall kill
21 error kill ENOSYS
22 error If you need help, you may report this error at:
22 error     <https://github.com/npm/npm/issues>
23 verbose exit [ 1, true ]
